# JRE version: OpenJDK Runtime Environment (25.0.1+8) (build 25.0.1+8-27)
# Java VM: OpenJDK 64-Bit Server VM (25.0.1+8-27, mixed mode, sharing, tiered, compressed oops, compressed class ptrs, g1 gc, windows-amd64)
GC Precious Log:
 CardTable entry size: 512
 Card Set container configuration: InlinePtr #cards 4 size 8 Array Of Cards #cards 16 size 48 Howl #buckets 8 coarsen threshold 3686 Howl Bitmap #cards 512 size 80 coarsen threshold 460 Card regions per heap region 1 cards per card region 4096
 CPUs: 12 total, 12 available
 Memory: 16068M
 Large Page Support: Disabled
 NUMA Support: Disabled
 Compressed Oops: Enabled (Zero based)
 Heap Region Size: 2M
 Heap Min Capacity: 8M
 Heap Initial Capacity: 252M
 Heap Max Capacity: 4018M
 Pre-touch: Disabled
 Parallel Workers: 10
 Concurrent Workers: 3
 Concurrent Refinement Workers: 10
 Periodic GC: Disabled
Heap:
 garbage-first heap   total reserved 4114432K, committed 86016K, used 51605K [0x0000000704e00000, 0x0000000800000000)
  region size 2048K, 8 young (16384K), 2 survivors (4096K)
GC Heap Usage History (20 events):
Event: 1652.093 {heap Before GC invocations=24 (full 0):
 garbage-first heap   total reserved 4114432K, committed 86016K, used 76380K [0x0000000704e00000, 0x0000000800000000)
  region size 2048K, 19 young (38912K), 2 survivors (4096K)
}
Event: 1652.120 {heap After GC invocations=25 (full 0):
 garbage-first heap   total reserved 4114432K, committed 86016K, used 42003K [0x0000000704e00000, 0x0000000800000000)
  region size 2048K, 2 young (4096K), 2 survivors (4096K)
}
Event: 1967.822 {heap Before GC invocations=26 (full 0):
 garbage-first heap   total reserved 4114432K, committed 86016K, used 76819K [0x0000000704e00000, 0x0000000800000000)
  region size 2048K, 19 young (38912K), 2 survivors (4096K)
}
Event: 1967.834 {heap After GC invocations=27 (full 0):
 garbage-first heap   total reserved 4114432K, committed 86016K, used 42260K [0x0000000704e00000, 0x0000000800000000)
  region size 2048K, 2 young (4096K), 2 survivors (4096K)
}
Event: 2299.980 {heap Before GC invocations=27 (full 0):
 garbage-first heap   total reserved 4114432K, committed 86016K, used 77076K [0x0000000704e00000, 0x0000000800000000)
  region size 2048K, 19 young (38912K), 2 survivors (4096K)
}
Event: 2299.995 {heap After GC invocations=28 (full 0):
 garbage-first heap   total reserved 4114432K, committed 86016K, used 41939K [0x0000000704e00000, 0x0000000800000000)
  region size 2048K, 2 young (4096K), 2 survivors (4096K)
}
Event: 2634.220 {heap Before GC invocations=28 (full 0):
 garbage-first heap   total reserved 4114432K, committed 86016K, used 76755K [0x0000000704e00000, 0x0000000800000000)
  region size 2048K, 19 young (38912K), 2 survivors (4096K)
}
Event: 2634.238 {heap After GC invocations=29 (full 0):
 garbage-first heap   total reserved 4114432K, committed 86016K, used 41856K [0x0000000704e00000, 0x0000000800000000)
  region size 2048K, 2 young (4096K), 2 survivors (4096K)
}
Event: 2991.179 {heap Before GC invocations=30 (full 0):
 garbage-first heap   total reserved 4114432K, committed 86016K, used 76672K [0x0000000704e00000, 0x0000000800000000)
  region size 2048K, 19 young (38912K), 2 survivors (4096K)
}
Event: 2991.186 {heap After GC invocations=31 (full 0):
 garbage-first heap   total reserved 4114432K, committed 86016K, used 41930K [0x0000000704e00000, 0x0000000800000000)
  region size 2048K, 2 young (4096K), 2 survivors (4096K)
}
Event: 3319.830 {heap Before GC invocations=31 (full 0):
 garbage-first heap   total reserved 4114432K, committed 86016K, used 76746K [0x0000000704e00000, 0x0000000800000000)
  region size 2048K, 19 young (38912K), 2 survivors (4096K)
}
Event: 3319.850 {heap After GC invocations=32 (full 0):
 garbage-first heap   total reserved 4114432K, committed 86016K, used 41570K [0x0000000704e00000, 0x0000000800000000)
  region size 2048K, 2 young (4096K), 2 survivors (4096K)
}
Event: 3668.565 {heap Before GC invocations=32 (full 0):
 garbage-first heap   total reserved 4114432K, committed 86016K, used 78434K [0x0000000704e00000, 0x0000000800000000)
  region size 2048K, 20 young (40960K), 2 survivors (4096K)
}
Event: 3668.572 {heap After GC invocations=33 (full 0):
 garbage-first heap   total reserved 4114432K, committed 86016K, used 41409K [0x0000000704e00000, 0x0000000800000000)
  region size 2048K, 2 young (4096K), 2 survivors (4096K)
}
Event: 4033.632 {heap Before GC invocations=34 (full 0):
 garbage-first heap   total reserved 4114432K, committed 86016K, used 78273K [0x0000000704e00000, 0x0000000800000000)
  region size 2048K, 20 young (40960K), 2 survivors (4096K)
}
Event: 4033.636 {heap After GC invocations=35 (full 0):
 garbage-first heap   total reserved 4114432K, committed 86016K, used 41203K [0x0000000704e00000, 0x0000000800000000)
  region size 2048K, 2 young (4096K), 2 survivors (4096K)
}
Event: 4380.045 {heap Before GC invocations=35 (full 0):
 garbage-first heap   total reserved 4114432K, committed 86016K, used 78067K [0x0000000704e00000, 0x0000000800000000)
  region size 2048K, 20 young (40960K), 2 survivors (4096K)
}
Event: 4380.053 {heap After GC invocations=36 (full 0):
 garbage-first heap   total reserved 4114432K, committed 86016K, used 40599K [0x0000000704e00000, 0x0000000800000000)
  region size 2048K, 2 young (4096K), 2 survivors (4096K)
}
Event: 4684.259 {heap Before GC invocations=36 (full 0):
 garbage-first heap   total reserved 4114432K, committed 86016K, used 77463K [0x0000000704e00000, 0x0000000800000000)
  region size 2048K, 20 young (40960K), 2 survivors (4096K)
}
Event: 4684.273 {heap After GC invocations=37 (full 0):
 garbage-first heap   total reserved 4114432K, committed 86016K, used 41365K [0x0000000704e00000, 0x0000000800000000)
  region size 2048K, 2 young (4096K), 2 survivors (4096K)
}

