# JRE version: OpenJDK Runtime Environment (25.0.1+8) (build 25.0.1+8-27)
# Java VM: OpenJDK 64-Bit Server VM (25.0.1+8-27, mixed mode, sharing, tiered, compressed oops, compressed class ptrs, g1 gc, windows-amd64)
GC Precious Log:
 CardTable entry size: 512
 Card Set container configuration: InlinePtr #cards 4 size 8 Array Of Cards #cards 16 size 48 Howl #buckets 8 coarsen threshold 3686 Howl Bitmap #cards 512 size 80 coarsen threshold 460 Card regions per heap region 1 cards per card region 4096
 CPUs: 12 total, 12 available
 Memory: 16068M
 Large Page Support: Disabled
 NUMA Support: Disabled
 Compressed Oops: Enabled (Zero based)
 Heap Region Size: 2M
 Heap Min Capacity: 8M
 Heap Initial Capacity: 252M
 Heap Max Capacity: 4018M
 Pre-touch: Disabled
 Parallel Workers: 10
 Concurrent Workers: 3
 Concurrent Refinement Workers: 10
 Periodic GC: Disabled
Heap:
 garbage-first heap   total reserved 4114432K, committed 79872K, used 44938K [0x0000000704e00000, 0x0000000800000000)
  region size 2048K, 6 young (12288K), 3 survivors (6144K)
GC Heap Usage History (20 events):
Event: 21.653 {heap Before GC invocations=4 (full 0):
 garbage-first heap   total reserved 4114432K, committed 77824K, used 54015K [0x0000000704e00000, 0x0000000800000000)
  region size 2048K, 22 young (45056K), 5 survivors (10240K)
}
Event: 21.672 {heap After GC invocations=5 (full 0):
 garbage-first heap   total reserved 4114432K, committed 77824K, used 22291K [0x0000000704e00000, 0x0000000800000000)
  region size 2048K, 2 young (4096K), 2 survivors (4096K)
}
Event: 22.167 {heap Before GC invocations=5 (full 0):
 garbage-first heap   total reserved 4114432K, committed 77824K, used 30483K [0x0000000704e00000, 0x0000000800000000)
  region size 2048K, 7 young (14336K), 2 survivors (4096K)
}
Event: 22.174 {heap After GC invocations=6 (full 0):
 garbage-first heap   total reserved 4114432K, committed 77824K, used 22152K [0x0000000704e00000, 0x0000000800000000)
  region size 2048K, 2 young (4096K), 2 survivors (4096K)
}
Event: 25.822 {heap Before GC invocations=7 (full 0):
 garbage-first heap   total reserved 4114432K, committed 77824K, used 59016K [0x0000000704e00000, 0x0000000800000000)
  region size 2048K, 20 young (40960K), 2 survivors (4096K)
}
Event: 25.841 {heap After GC invocations=8 (full 0):
 garbage-first heap   total reserved 4114432K, committed 77824K, used 25308K [0x0000000704e00000, 0x0000000800000000)
  region size 2048K, 3 young (6144K), 3 survivors (6144K)
}
Event: 28.116 {heap Before GC invocations=8 (full 0):
 garbage-first heap   total reserved 4114432K, committed 77824K, used 62172K [0x0000000704e00000, 0x0000000800000000)
  region size 2048K, 21 young (43008K), 3 survivors (6144K)
}
Event: 28.128 {heap After GC invocations=9 (full 0):
 garbage-first heap   total reserved 4114432K, committed 77824K, used 27879K [0x0000000704e00000, 0x0000000800000000)
  region size 2048K, 3 young (6144K), 3 survivors (6144K)
}
Event: 28.512 {heap Before GC invocations=9 (full 0):
 garbage-first heap   total reserved 4114432K, committed 77824K, used 36071K [0x0000000704e00000, 0x0000000800000000)
  region size 2048K, 8 young (16384K), 3 survivors (6144K)
}
Event: 28.524 {heap After GC invocations=10 (full 0):
 garbage-first heap   total reserved 4114432K, committed 77824K, used 28421K [0x0000000704e00000, 0x0000000800000000)
  region size 2048K, 2 young (4096K), 2 survivors (4096K)
}
Event: 30.875 {heap Before GC invocations=11 (full 0):
 garbage-first heap   total reserved 4114432K, committed 77824K, used 63237K [0x0000000704e00000, 0x0000000800000000)
  region size 2048K, 20 young (40960K), 2 survivors (4096K)
}
Event: 30.886 {heap After GC invocations=12 (full 0):
 garbage-first heap   total reserved 4114432K, committed 77824K, used 30526K [0x0000000704e00000, 0x0000000800000000)
  region size 2048K, 3 young (6144K), 3 survivors (6144K)
}
Event: 32.278 {heap Before GC invocations=12 (full 0):
 garbage-first heap   total reserved 4114432K, committed 77824K, used 65342K [0x0000000704e00000, 0x0000000800000000)
  region size 2048K, 20 young (40960K), 3 survivors (6144K)
}
Event: 32.293 {heap After GC invocations=13 (full 0):
 garbage-first heap   total reserved 4114432K, committed 77824K, used 32484K [0x0000000704e00000, 0x0000000800000000)
  region size 2048K, 3 young (6144K), 3 survivors (6144K)
}
Event: 33.804 {heap Before GC invocations=13 (full 0):
 garbage-first heap   total reserved 4114432K, committed 77824K, used 65252K [0x0000000704e00000, 0x0000000800000000)
  region size 2048K, 20 young (40960K), 3 survivors (6144K)
}
Event: 33.821 {heap After GC invocations=14 (full 0):
 garbage-first heap   total reserved 4114432K, committed 77824K, used 35340K [0x0000000704e00000, 0x0000000800000000)
  region size 2048K, 3 young (6144K), 3 survivors (6144K)
}
Event: 36.195 {heap Before GC invocations=14 (full 0):
 garbage-first heap   total reserved 4114432K, committed 77824K, used 68108K [0x0000000704e00000, 0x0000000800000000)
  region size 2048K, 19 young (38912K), 3 survivors (6144K)
}
Event: 36.207 {heap After GC invocations=15 (full 0):
 garbage-first heap   total reserved 4114432K, committed 77824K, used 38567K [0x0000000704e00000, 0x0000000800000000)
  region size 2048K, 3 young (6144K), 3 survivors (6144K)
}
Event: 73.038 {heap Before GC invocations=16 (full 0):
 garbage-first heap   total reserved 4114432K, committed 77824K, used 69287K [0x0000000704e00000, 0x0000000800000000)
  region size 2048K, 18 young (36864K), 3 survivors (6144K)
}
Event: 73.056 {heap After GC invocations=17 (full 0):
 garbage-first heap   total reserved 4114432K, committed 79872K, used 40842K [0x0000000704e00000, 0x0000000800000000)
  region size 2048K, 3 young (6144K), 3 survivors (6144K)
}

